2014-01-20 20:59:30 19406 [Warning] Buffered warning: Changed limits: max_open_files: 1024 (requested 5000)

2014-01-20 20:59:30 19406 [Warning] Buffered warning: Changed limits: table_cache: 431 (requested 2000)

2014-01-20 20:59:30 19406 [Note] Plugin 'FEDERATED' is disabled.
2014-01-20 20:59:30 19406 [Note] InnoDB: The InnoDB memory heap is disabled
2014-01-20 20:59:30 19406 [Note] InnoDB: Mutexes and rw_locks use GCC atomic builtins
2014-01-20 20:59:30 19406 [Note] InnoDB: Compressed tables use zlib 1.2.3
2014-01-20 20:59:30 19406 [Note] InnoDB: Using Linux native AIO
2014-01-20 20:59:30 19406 [Note] InnoDB: Not using CPU crc32 instructions
2014-01-20 20:59:30 19406 [Note] InnoDB: Initializing buffer pool, size = 128.0M
2014-01-20 20:59:30 19406 [Note] InnoDB: Completed initialization of buffer pool
2014-01-20 20:59:30 19406 [Note] InnoDB: Highest supported file format is Barracuda.
2014-01-20 20:59:30 19406 [Note] InnoDB: 128 rollback segment(s) are active.
2014-01-20 20:59:30 19406 [Note] InnoDB: Waiting for purge to start
2014-01-20 20:59:30 19406 [Note] InnoDB: 5.6.12 started; log sequence number 1625987
2014-01-20 20:59:30 19406 [Warning] No existing UUID has been found, so we assume that this is the first time that this server has been started. Generating a new UUID: b3a9ace1-81d2-11e3-916a-001f16157a15.
2014-01-20 20:59:30 19406 [Note] Server hostname (bind-address): '*'; port: 3306
2014-01-20 20:59:30 19406 [Note] IPv6 is available.
2014-01-20 20:59:30 19406 [Note]   - '::' resolves to '::';
2014-01-20 20:59:30 19406 [Note] Server socket created on IP: '::'.
2014-01-20 20:59:30 19406 [Note] Event Scheduler: Loaded 0 events
2014-01-20 20:59:30 19406 [Note] /home/ouyangzhu//.zbox/exe/mysql/mysql-5.6.12/bin/mysqld: ready for connections.
Version: '5.6.12'  socket: '/home/ouyangzhu//.zbox/stg/mysql/mysql-common/mysql.sock'  port: 3306  MySQL Community Server (GPL)
